[0mGET / [32m200 [0m29.414 ms - 249[0m
[0mGET /stylesheets/style.css [36m304 [0m5.629 ms - -[0m
[0mGET / [36m304 [0m4.078 ms - -[0m
[0mGET /stylesheets/style.css [36m304 [0m1.091 ms - -[0m
[0mGET / [32m200 [0m1.407 ms - 249[0m
[0mGET /stylesheets/style.css [36m304 [0m0.841 ms - -[0m
[0mGET /test/ [32m200 [0m1.828 ms - 43[0m
[0mGET /test/ [32m200 [0m1.475 ms - 43[0m
[0mGET http://zc.qq.com/cgi-bin/chs/numreg/init? [33m404 [0m4.398 ms - 916[0m
[0mGET http://zc.qq.com/cgi-bin/chs/numreg/init? [33m404 [0m2.034 ms - 916[0m
[0mGET /test [32m200 [0m1.199 ms - 43[0m
[0mGET / [32m200 [0m1.266 ms - 249[0m
[0mGET /stylesheets/style.css [36m304 [0m0.588 ms - -[0m
[0mGET / [32m200 [0m2.383 ms - 249[0m
[0mGET /stylesheets/style.css [32m200 [0m4.648 ms - 131[0m
[0mGET / [32m200 [0m2.896 ms - 249[0m
[0mGET /stylesheets/style.css [36m304 [0m0.537 ms - -[0m
[0mGET / [32m200 [0m1.408 ms - 249[0m
[0mGET /stylesheets/style.css [36m304 [0m0.530 ms - -[0m
[0mGET / [32m200 [0m1.279 ms - 249[0m
[0mGET /stylesheets/style.css [32m200 [0m2.012 ms - 145[0m
[0mGET / [32m200 [0m1.318 ms - 249[0m
[0mGET /stylesheets/style.css [36m304 [0m0.533 ms - -[0m
[0mGET / [32m200 [0m1.666 ms - 249[0m
[0mGET /stylesheets/style.css [32m200 [0m1.560 ms - 156[0m
[0mGET http://zc.qq.com/cgi-bin/chs/numreg/init? [33m404 [0m7.394 ms - 916[0m
[0mGET http://zc.qq.com/cgi-bin/chs/numreg/init? [33m404 [0m1.698 ms - 916[0m
[0mGET http://zc.qq.com/cgi-bin/chs/numreg/init? [33m404 [0m1.531 ms - 916[0m
[0mGET http://zc.qq.com/cgi-bin/chs/numreg/init? [33m404 [0m2.125 ms - 916[0m
[0mGET http://zc.qq.com/cgi-bin/chs/numreg/init? [33m404 [0m1.599 ms - 916[0m
[0mGET / [32m200 [0m1.739 ms - 249[0m
[0mGET http://zc.qq.com/cgi-bin/chs/numreg/init? [33m404 [0m1.462 ms - 916[0m
[0mGET http://zc.qq.com/cgi-bin/chs/numreg/init? [33m404 [0m2.891 ms - 916[0m
[0mGET http://zc.qq.com/cgi-bin/chs/numreg/init? [33m404 [0m2.369 ms - 916[0m
[0mGET http://zc.qq.com/cgi-bin/chs/numreg/init? [33m404 [0m2.679 ms - 916[0m
[0mGET http://zc.qq.com/cgi-bin/chs/numreg/init? [33m404 [0m1.577 ms - 916[0m
[0mGET http://zc.qq.com/cgi-bin/chs/numreg/init? [33m404 [0m2.387 ms - 916[0m
[0mGET http://zc.qq.com/cgi-bin/chs/numreg/init? [33m404 [0m3.329 ms - 916[0m
[0mGET http://zc.qq.com/cgi-bin/chs/numreg/init? [33m404 [0m2.528 ms - 916[0m
[0mGET http://httpheader.net [32m200 [0m1.241 ms - 249[0m
[0mGET http://zc.qq.com/cgi-bin/chs/numreg/init? [33m404 [0m3.677 ms - 916[0m
[0mGET http://zc.qq.com/cgi-bin/chs/numreg/init? [33m404 [0m1.523 ms - 916[0m
[0mGET http://zc.qq.com/cgi-bin/chs/numreg/init? [33m404 [0m1.637 ms - 916[0m
[0mGET http://zc.qq.com/cgi-bin/chs/numreg/init? [33m404 [0m6.369 ms - 916[0m
[0mGET http://zc.qq.com/cgi-bin/chs/numreg/init? [33m404 [0m2.026 ms - 916[0m
[0mPOST http://check.best-proxies.ru/azenv.php?auth=144925399903&a=PSCN&i=1931223457&p=8888 [33m404 [0m39.257 ms - 916[0m
[0mGET http://a.chinafushou.com/R.asp?P=115.28.33.161:8888 [33m404 [0m1.579 ms - 916[0m
[0mGET http://a.chinafushou.com/R.asp?P=115.28.33.161:8888 [33m404 [0m1.580 ms - 916[0m
[0mGET http://zc.qq.com/cgi-bin/chs/numreg/init? [33m404 [0m1.509 ms - 916[0m
[0mGET http://zc.qq.com/cgi-bin/chs/numreg/init? [33m404 [0m1.559 ms - 916[0m
[0mGET http://zc.qq.com/cgi-bin/chs/numreg/init? [33m404 [0m1.674 ms - 916[0m
[0mGET http://zc.qq.com/cgi-bin/chs/numreg/init? [33m404 [0m2.035 ms - 916[0m
[0mGET http://zc.qq.com/cgi-bin/chs/numreg/init? [33m404 [0m1.724 ms - 916[0m
[0mGET http://www.baidu.com/?rands=_8106102505218929704896060 [32m200 [0m3.942 ms - 249[0m
[0mGET http://www.sogou.com/?rands=_1252897876022472103647164 [32m200 [0m1.409 ms - 249[0m
[0mGET http://www.1dvj.com/?rands=_14189111067816802761319064 [32m200 [0m2.781 ms - 249[0m
[0mGET http://www.kuaidaili.com/?rands=_1948011782442133540425808 [32m200 [0m1.897 ms - 249[0m
[0mGET http://zc.qq.com/cgi-bin/chs/numreg/init? [33m404 [0m2.027 ms - 916[0m
[0mGET http://zc.qq.com/cgi-bin/chs/numreg/init? [33m404 [0m1.689 ms - 916[0m
[0mGET http://zc.qq.com/cgi-bin/chs/numreg/init? [33m404 [0m2.763 ms - 916[0m
[0mGET http://zc.qq.com/cgi-bin/chs/numreg/init? [33m404 [0m1.658 ms - 916[0m
[0mGET / [32m200 [0m1.282 ms - 249[0m
[0mGET http://zc.qq.com/cgi-bin/chs/numreg/init? [33m404 [0m1.529 ms - 916[0m
[0mGET http://zc.qq.com/cgi-bin/chs/numreg/init? [33m404 [0m1.664 ms - 916[0m
[0mGET / [32m200 [0m2.658 ms - 249[0m
[0mGET http://zc.qq.com/cgi-bin/chs/numreg/init? [33m404 [0m3.135 ms - 916[0m
[0mGET http://zc.qq.com/cgi-bin/chs/numreg/init? [33m404 [0m1.649 ms - 916[0m
[0mGET http://zc.qq.com/cgi-bin/chs/numreg/init? [33m404 [0m3.405 ms - 916[0m
[0mGET http://zc.qq.com/cgi-bin/chs/numreg/init? [33m404 [0m2.704 ms - 916[0m
[0mGET http://zc.qq.com/cgi-bin/chs/numreg/init? [33m404 [0m1.997 ms - 916[0m
[0mGET http://zc.qq.com/cgi-bin/chs/numreg/init? [33m404 [0m5.161 ms - 916[0m
[0mGET http://testp4.pospr.waw.pl/testproxy.php [33m404 [0m2.631 ms - 916[0m
[0mGET http://zc.qq.com/cgi-bin/chs/numreg/init? [33m404 [0m2.007 ms - 916[0m
[0mGET http://zc.qq.com/cgi-bin/chs/numreg/init? [33m404 [0m1.775 ms - 916[0m
[0mGET http://zc.qq.com/cgi-bin/chs/numreg/init? [33m404 [0m2.991 ms - 916[0m
[0mGET http://zc.qq.com/cgi-bin/chs/numreg/init? [33m404 [0m1.791 ms - 916[0m
[0mGET http://zc.qq.com/cgi-bin/chs/numreg/init? [33m404 [0m3.345 ms - 916[0m
[0mGET http://zc.qq.com/cgi-bin/chs/numreg/init? [33m404 [0m1.732 ms - 916[0m
[0mPOST http://check.best-proxies.ru/azenv.php?auth=144927138259&a=PSCN&i=1931223457&p=8888 [33m404 [0m5.548 ms - 916[0m
[0mGET http://zc.qq.com/cgi-bin/chs/numreg/init? [33m404 [0m3.923 ms - 916[0m
[0mGET http://testp4.pospr.waw.pl/testproxy.php [33m404 [0m1.844 ms - 916[0m
[0mGET http://www.baidu.com/?rands=_1096283194619372503548592 [32m200 [0m1.625 ms - 249[0m
[0mGET http://www.sogou.com/?rands=_1382593221625727522506280 [32m200 [0m1.442 ms - 249[0m
[0mGET http://www.1dvj.com/?rands=_417938480422297862891768 [32m200 [0m1.575 ms - 249[0m
[0mGET http://www.kuaidaili.com/?rands=_8040430040536792149108 [32m200 [0m1.631 ms - 249[0m
[0mGET http://zc.qq.com/cgi-bin/chs/numreg/init? [33m404 [0m1.818 ms - 916[0m
[0mGET / [32m200 [0m3.906 ms - 249[0m
[0mGET / [32m200 [0m4.558 ms - 249[0m
[0mGET / [32m200 [0m1.802 ms - 249[0m
[0mGET / [32m200 [0m2.485 ms - 249[0m
[0mGET http://zc.qq.com/cgi-bin/chs/numreg/init? [33m404 [0m1.838 ms - 916[0m
[0mGET http://zc.qq.com/cgi-bin/chs/numreg/init? [33m404 [0m2.413 ms - 916[0m
[0mGET http://zc.qq.com/cgi-bin/chs/numreg/init? [33m404 [0m3.230 ms - 916[0m
[0mGET http://zc.qq.com/cgi-bin/chs/numreg/init? [33m404 [0m1.933 ms - 916[0m
[0mGET http://zc.qq.com/cgi-bin/chs/numreg/init? [33m404 [0m2.713 ms - 916[0m
[0mGET http://zc.qq.com/cgi-bin/chs/numreg/init? [33m404 [0m1.763 ms - 916[0m
[0mGET http://a.chinafushou.com/R.asp?P=115.28.33.161:8888 [33m404 [0m3.953 ms - 916[0m
[0mGET http://a.chinafushou.com/R.asp?P=115.28.33.161:8888 [33m404 [0m1.880 ms - 916[0m
[0mGET http://a.chinafushou.com/R.asp?P=115.28.33.161:8888 [33m404 [0m1.716 ms - 916[0m
[0mGET http://zc.qq.com/cgi-bin/chs/numreg/init? [33m404 [0m2.109 ms - 916[0m
